<?xml version="1.0" encoding="UTF-8"?>
<!-- Generated by org.testng.reporters.JUnitXMLReporter -->
<testsuite ignored="0" hostname="LAPTOP-2LAFLHEG" failures="1" tests="1" name="Test" time="3.951" errors="0" timestamp="2021-10-29T11:19:33 IST">
  <testcase classname="com.mindtree.pageobject.verifytitle" name="mainpage" time="0.0">
    <failure type="org.testng.TestNGException" message="
Cannot inject @Test annotated Method [mainpage] with [class java.lang.String, class java.lang.String].
For more information on native dependency injection please refer to https://testng.org/doc/documentation-main.html#native-dependency-injection">
      <![CDATA[org.testng.TestNGException: 
Cannot inject @Test annotated Method [mainpage] with [class java.lang.String, class java.lang.String].
For more information on native dependency injection please refer to https://testng.org/doc/documentation-main.html#native-dependency-injection
at java.base/java.util.ArrayList.forEach(ArrayList.java:1511)
... Removed 26 stack frames]]>
    </failure>
  </testcase> <!-- mainpage -->
</testsuite> <!-- Test -->
